Looking for git in: git
Using git 2.32.0 from git
> git rev-parse --show-toplevel
> git rev-parse --git-dir
Open repository: /home/ec2-user
> git status -z -u
> git show :environment/stylesheet.css
> git ls-files --stage -- environment/
> git check-ignore -v -z --stdin
> git symbolic-ref --short HEAD
> git rev-parse master
fatal: ambiguous argument 'master': unknown revision or path not in the working tree.
Use '--' to separate paths from revisions, like this:
'git <command> [<revision>...] -- [<file>...]'
> git for-each-ref --format %(refname) %(objectname) --sort -committerdate
> git remote --verbose
> git config --get commit.template
> git show :environment/stylesheet.css
> git ls-files --stage -- environment/
> git status -z -u
> git show :environment/untitled:/home/ec2-user/.gitignore
> git show :environment/stylesheet.css
> git ls-files --stage -- environment/
> git check-ignore -v -z --stdin
> git check-ignore -v -z --stdin
> git symbolic-ref --short HEAD
> git rev-parse master
fatal: ambiguous argument 'master': unknown revision or path not in the working tree.
Use '--' to separate paths from revisions, like this:
'git <command> [<revision>...] -- [<file>...]'
> git for-each-ref --format %(refname) %(objectname) --sort -committerdate
> git remote --verbose
> git config --get commit.template
> git status -z -u
> git symbolic-ref --short HEAD
> git rev-parse master
fatal: ambiguous argument 'master': unknown revision or path not in the working tree.
Use '--' to separate paths from revisions, like this:
'git <command> [<revision>...] -- [<file>...]'
> git for-each-ref --format %(refname) %(objectname) --sort -committerdate
> git remote --verbose
> git config --get commit.template
> git show :environment/stylesheet.css
> git show :.gitignore
> git ls-files --stage -- environment/
> git check-ignore -v -z --stdin
